<?xml version="1.0" encoding="UTF-8"?>
<coverage generated="1605648580398" clover="3.2.0">
  <project timestamp="1605648580398" name="All files">
    <metrics statements="6" coveredstatements="6" conditionals="0" coveredconditionals="0" methods="0" coveredmethods="0" elements="6" coveredelements="6" complexity="0" loc="6" ncloc="6" packages="1" files="1" classes="1"/>
    <file name="expectedData.ts" path="/Users/joshthom/Documents/GitHub/a_millions_ads_backend_tech_test/test_data/expectedData.ts">
      <metrics statements="6" coveredstatements="6" conditionals="0" coveredconditionals="0" methods="0" coveredmethods="0"/>
      <line num="1" count="1" type="stmt"/>
      <line num="27" count="1" type="stmt"/>
      <line num="59" count="1" type="stmt"/>
      <line num="63" count="1" type="stmt"/>
      <line num="67" count="1" type="stmt"/>
      <line num="72" count="1" type="stmt"/>
    </file>
  </project>
</coverage>
