{"/Users/joshthom/Documents/GitHub/a_millions_ads_backend_tech_test/test_data/expectedData.ts": {"path":"/Users/joshthom/Documents/GitHub/a_millions_ads_backend_tech_test/test_data/expectedData.ts","statementMap":{"0":{"start":{"line":1,"column":13},"end":{"line":25,"column":2}},"1":{"start":{"line":27,"column":13},"end":{"line":57,"column":2}},"2":{"start":{"line":59,"column":13},"end":{"line":61,"column":2}},"3":{"start":{"line":63,"column":13},"end":{"line":65,"column":2}},"4":{"start":{"line":67,"column":13},"end":{"line":70,"column":2}},"5":{"start":{"line":72,"column":13},"end":{"line":75,"column":2}}},"fnMap":{},"branchMap":{},"s":{"0":1,"1":1,"2":1,"3":1,"4":1,"5":1},"f":{},"b":{}}
}
